<?xml version="1.0" encoding="UTF-8"?>
<testng-results ignored="0" total="2" passed="2" failed="0" skipped="0">
  <reporter-output>
  </reporter-output>
  <suite started-at="2022-03-31T08:07:06 IST" name="Suite" finished-at="2022-03-31T08:07:13 IST" duration-ms="7343">
    <groups>
    </groups>
    <test started-at="2022-03-31T08:07:06 IST" name="Test" finished-at="2022-03-31T08:07:13 IST" duration-ms="7343">
      <class name="automationScripts.FacebookLogin">
        <test-method signature="facebookLogin()[pri:0, instance:automationScripts.FacebookLogin@51e69659]" started-at="2022-03-31T08:07:06 IST" name="facebookLogin" finished-at="2022-03-31T08:07:09 IST" duration-ms="2836" status="PASS">
          <reporter-output>
          </reporter-output>
        </test-method> <!-- facebookLogin -->
      </class> <!-- automationScripts.FacebookLogin -->
      <class name="automationScripts.GmailLogin">
        <test-method signature="gmailLogin()[pri:0, instance:automationScripts.GmailLogin@4efac082]" started-at="2022-03-31T08:07:09 IST" name="gmailLogin" finished-at="2022-03-31T08:07:13 IST" duration-ms="4477" status="PASS">
          <reporter-output>
          </reporter-output>
        </test-method> <!-- gmailLogin -->
      </class> <!-- automationScripts.GmailLogin -->
    </test> <!-- Test -->
  </suite> <!-- Suite -->
</testng-results>
